
Gurobi 6.5.0 (linux64) logging started Fri May 27 17:57:46 2016


Gurobi 6.5.0 (linux64) logging started Fri May 27 18:04:14 2016


Gurobi 6.5.0 (linux64) logging started Fri May 27 18:11:06 2016


Gurobi 6.5.0 (linux64) logging started Fri May 27 18:12:24 2016


Gurobi 6.5.0 (linux64) logging started Fri May 27 18:18:46 2016


Gurobi 6.5.0 (linux64) logging started Fri May 27 18:19:34 2016


Gurobi 6.5.0 (linux64) logging started Fri May 27 18:20:50 2016


Gurobi 6.5.0 (linux64) logging started Fri May 27 18:23:44 2016


Gurobi 6.5.0 (linux64) logging started Sat May 28 11:45:50 2016


Gurobi 6.5.0 (linux64) logging started Sat May 28 11:47:04 2016


Gurobi 6.5.0 (linux64) logging started Sat May 28 12:03:32 2016


Gurobi 6.5.1 (linux64) logging started Sat May 28 21:05:58 2016


Gurobi 6.5.1 (linux64) logging started Sat May 28 22:07:04 2016


Gurobi 6.5.1 (linux64) logging started Sun May 29 00:49:19 2016

Optimize a model with 628 rows, 552 columns and 20651 nonzeros
Model has 552 quadratic objective terms
Coefficient statistics:
  Matrix range    [3e-09, 1e+00]
  Objective range [0e+00, 0e+00]
  Bounds range    [0e+00, 0e+00]
  RHS range       [4e+03, 2e+04]
Presolve removed 552 rows and 0 columns
Presolve time: 0.00s
Presolved: 76 rows, 552 columns, 20099 nonzeros
Presolved model has 552 quadratic objective terms
Ordering time: 0.00s

Barrier statistics:
 AA' NZ     : 2.849e+03
 Factor NZ  : 2.926e+03
 Factor Ops : 1.492e+05 (less than 1 second per iteration)
 Threads    : 1

                  Objective                Residual
Iter       Primal          Dual         Primal    Dual     Compl     Time
   0   1.13515069e+11 -1.10366245e+11  2.45e+06 1.29e+04  2.96e+07     0s
   1   1.66849413e+10 -1.33789937e+10  8.47e+05 4.46e+03  1.05e+07     0s
   2   9.73012122e+09 -5.47158179e+09  5.92e+05 3.12e+03  7.92e+06     0s
   3   5.99660390e+09  7.86242515e+08  3.77e+05 1.99e+03  5.45e+06     0s
   4   5.67584385e+09  3.18941315e+09  3.43e+05 1.80e+03  5.15e+06     0s
   5   5.74851316e+09  8.23264767e+09  3.18e+05 1.67e+03  5.19e+06     0s
   6   5.80487020e+09  1.16703621e+10  3.03e+05 1.60e+03  4.87e+06     0s
   7   5.85422506e+09  1.99763052e+10  2.95e+05 1.56e+03  4.66e+06     0s
   8   5.99938217e+09  4.10869841e+10  2.92e+05 1.54e+03  4.74e+06     0s
   9   1.13515069e+11 -1.10366245e+11  2.45e+06 8.91e+03  1.48e+08     0s
  10   1.22842499e+10 -8.31778750e+09  5.98e+05 2.17e+03  5.51e+07     0s
  11   7.29028420e+09  2.11099080e+09  3.60e+05 1.31e+03  3.41e+07     0s
  12   7.01415709e+09  1.25402255e+10  3.08e+05 1.12e+03  2.91e+07     0s
  13   7.16330443e+09  3.73858554e+10  2.94e+05 1.07e+03  2.76e+07     0s
  14   7.45574218e+09  1.10063174e+11  2.89e+05 1.05e+03  2.64e+07     0s
  15   7.54518978e+09  2.68106014e+11  2.88e+05 1.05e+03  2.63e+07     0s
  16   8.03924924e+09  7.34034774e+11  2.88e+05 1.05e+03  2.76e+07     0s
  17   9.06813230e+09  1.53680180e+12  2.87e+05 1.04e+03  3.11e+07     0s
  18   9.37082879e+09  3.08415291e+12  2.87e+05 1.04e+03  3.60e+07     0s
  19   1.13515069e+11 -1.10366245e+11  2.45e+06 8.91e+03  1.48e+08     0s
  20   1.72396795e+10 -2.22903863e+09  7.34e+05 2.67e+03  5.59e+07     0s
  21   8.25058347e+09  1.27123876e+10  3.38e+05 1.23e+03  2.84e+07     0s
  22   1.48415909e+10  6.16343819e+10  3.81e+05 1.38e+03  2.42e+08     0s
  23   2.09567801e+10  3.86128438e+11  5.37e+05 1.95e+03  7.35e+09     0s
  24*  4.04846705e+10  3.09622462e+12  3.13e+03 2.69e+01  1.27e+06     0s
  25*  4.13781737e+10  6.93386190e+14  3.40e+00 2.40e-02  1.38e+03     0s
  26*  4.13781479e+10  6.18486035e+17  3.40e-03 2.38e-05  1.38e+00     0s
  27*  4.13781477e+10  6.19565057e+20  3.40e-06 2.39e-08  1.39e-03     0s
  28*  4.13781477e+10  6.20803329e+23  3.40e-09 1.32e-09  1.39e-06     0s
  29*  4.13781477e+10  6.22044314e+26  3.40e-12 1.27e-09  1.39e-09     0s

Barrier performed 29 iterations in 0.04 seconds
Infeasible model

Optimize a model with 76 rows, 552 columns and 20099 nonzeros
Model has 552 quadratic objective terms
Coefficient statistics:
  Matrix range    [3e-09, 1e+00]
  Objective range [0e+00, 0e+00]
  Bounds range    [0e+00, 0e+00]
  RHS range       [4e+03, 2e+04]
Presolve time: 0.00s
Presolved: 76 rows, 552 columns, 20099 nonzeros
Presolved model has 552 quadratic objective terms
Ordering time: 0.00s

Barrier statistics:
 AA' NZ     : 2.849e+03
 Factor NZ  : 2.926e+03
 Factor Ops : 1.492e+05 (less than 1 second per iteration)
 Threads    : 1

                  Objective                Residual
Iter       Primal          Dual         Primal    Dual     Compl     Time
   0   1.13515069e+11 -1.10366245e+11  2.45e+06 1.29e+04  2.96e+07     0s
   1   1.66849413e+10 -1.33789937e+10  8.47e+05 4.46e+03  1.05e+07     0s
   2   9.73012122e+09 -5.47158179e+09  5.92e+05 3.12e+03  7.92e+06     0s
   3   5.99660390e+09  7.86242515e+08  3.77e+05 1.99e+03  5.45e+06     0s
   4   5.67584385e+09  3.18941315e+09  3.43e+05 1.80e+03  5.15e+06     0s
   5   5.74851316e+09  8.23264767e+09  3.18e+05 1.67e+03  5.19e+06     0s
   6   5.80487020e+09  1.16703621e+10  3.03e+05 1.60e+03  4.87e+06     0s
   7   5.85422506e+09  1.99763052e+10  2.95e+05 1.56e+03  4.66e+06     0s
   8   5.99938217e+09  4.10869841e+10  2.92e+05 1.54e+03  4.74e+06     0s
   9   1.13515069e+11 -1.10366245e+11  2.45e+06 8.91e+03  1.48e+08     0s
  10   1.22842499e+10 -8.31778750e+09  5.98e+05 2.17e+03  5.51e+07     0s
  11   7.29028420e+09  2.11099080e+09  3.60e+05 1.31e+03  3.41e+07     0s
  12   7.01415709e+09  1.25402255e+10  3.08e+05 1.12e+03  2.91e+07     0s
  13   7.16330443e+09  3.73858554e+10  2.94e+05 1.07e+03  2.76e+07     0s
  14   7.45574218e+09  1.10063174e+11  2.89e+05 1.05e+03  2.64e+07     0s
  15   7.54518978e+09  2.68106014e+11  2.88e+05 1.05e+03  2.63e+07     0s
  16   8.03924924e+09  7.34034774e+11  2.88e+05 1.05e+03  2.76e+07     0s
  17   9.06813230e+09  1.53680180e+12  2.87e+05 1.04e+03  3.11e+07     0s
  18   9.37082879e+09  3.08415291e+12  2.87e+05 1.04e+03  3.60e+07     0s
  19   1.13515069e+11 -1.10366245e+11  2.45e+06 8.91e+03  1.48e+08     0s
  20   1.72396795e+10 -2.22903863e+09  7.34e+05 2.67e+03  5.59e+07     0s
  21   8.25058347e+09  1.27123876e+10  3.38e+05 1.23e+03  2.84e+07     0s
  22   1.48415909e+10  6.16343819e+10  3.81e+05 1.38e+03  2.42e+08     0s
  23   2.09567801e+10  3.86128438e+11  5.37e+05 1.95e+03  7.35e+09     0s
  24*  4.04846705e+10  3.09622462e+12  3.13e+03 2.69e+01  1.27e+06     0s
  25*  4.13781737e+10  6.93386190e+14  3.40e+00 2.40e-02  1.38e+03     0s
  26*  4.13781479e+10  6.18486035e+17  3.40e-03 2.38e-05  1.38e+00     0s
  27*  4.13781477e+10  6.19565057e+20  3.40e-06 2.39e-08  1.39e-03     0s
  28*  4.13781477e+10  6.20803329e+23  3.40e-09 1.32e-09  1.39e-06     0s
  29*  4.13781477e+10  6.22044314e+26  3.40e-12 1.27e-09  1.39e-09     0s

Barrier performed 29 iterations in 0.04 seconds
Infeasible model

Optimize a model with 628 rows, 552 columns and 20651 nonzeros
Coefficient statistics:
  Matrix range    [3e-09, 1e+00]
  Objective range [1e+00, 1e+00]
  Bounds range    [0e+00, 0e+00]
  RHS range       [4e+03, 2e+04]
Presolve removed 552 rows and 0 columns
Presolve time: 0.01s
Presolved: 76 rows, 552 columns, 20099 nonzeros

Iteration    Objective       Primal Inf.    Dual Inf.      Time
       0    0.0000000e+00   9.075225e+05   0.000000e+00      0s

Solved in 17 iterations and 0.03 seconds
Infeasible model
Optimize a model with 76 rows, 552 columns and 20099 nonzeros
Coefficient statistics:
  Matrix range    [3e-09, 1e+00]
  Objective range [1e+00, 1e+00]
  Bounds range    [0e+00, 0e+00]
  RHS range       [4e+03, 2e+04]
Presolve time: 0.00s
Presolved: 76 rows, 552 columns, 20099 nonzeros

Iteration    Objective       Primal Inf.    Dual Inf.      Time
       0    0.0000000e+00   9.075225e+05   0.000000e+00      0s

Solved in 274 iterations and 0.02 seconds
Infeasible model
Optimize a model with 76 rows, 552 columns and 20099 nonzeros
Coefficient statistics:
  Matrix range    [3e-09, 1e+00]
  Objective range [1e+00, 1e+00]
  Bounds range    [0e+00, 0e+00]
  RHS range       [4e+03, 2e+04]
Presolve time: 0.00s
Presolved: 76 rows, 552 columns, 20099 nonzeros

Iteration    Objective       Primal Inf.    Dual Inf.      Time
       0    0.0000000e+00   9.075225e+05   0.000000e+00      0s

Solved in 274 iterations and 0.02 seconds
Infeasible model
Optimize a model with 76 rows, 552 columns and 20099 nonzeros
Coefficient statistics:
  Matrix range    [3e-09, 1e+00]
  Objective range [1e+00, 1e+00]
  Bounds range    [0e+00, 0e+00]
  RHS range       [4e+03, 2e+04]
Presolve time: 0.00s
Presolved: 76 rows, 552 columns, 20099 nonzeros

Iteration    Objective       Primal Inf.    Dual Inf.      Time
       0    0.0000000e+00   9.075225e+05   0.000000e+00      0s

Solved in 274 iterations and 0.02 seconds
Infeasible model

Gurobi 6.5.1 (linux64) logging started Sun May 29 00:55:29 2016

Optimize a model with 76 rows, 552 columns and 20099 nonzeros
Coefficient statistics:
  Matrix range    [3e-09, 1e+00]
  Objective range [1e+00, 1e+00]
  Bounds range    [0e+00, 0e+00]
  RHS range       [4e+03, 2e+04]
Presolve time: 0.00s
Presolved: 76 rows, 552 columns, 20099 nonzeros

Iteration    Objective       Primal Inf.    Dual Inf.      Time
       0    0.0000000e+00   9.075225e+05   0.000000e+00      0s

Solved in 274 iterations and 0.02 seconds
Infeasible model
Optimize a model with 628 rows, 552 columns and 20651 nonzeros
Coefficient statistics:
  Matrix range    [3e-09, 1e+00]
  Objective range [1e+00, 1e+00]
  Bounds range    [0e+00, 0e+00]
  RHS range       [4e+03, 2e+04]
Presolve removed 552 rows and 0 columns
Presolve time: 0.00s
Presolved: 76 rows, 552 columns, 20099 nonzeros

Iteration    Objective       Primal Inf.    Dual Inf.      Time
       0    0.0000000e+00   9.075225e+05   0.000000e+00      0s

Solved in 17 iterations and 0.01 seconds
Infeasible model
Optimize a model with 76 rows, 552 columns and 20099 nonzeros
Coefficient statistics:
  Matrix range    [3e-09, 1e+00]
  Objective range [1e+00, 1e+00]
  Bounds range    [0e+00, 0e+00]
  RHS range       [4e+03, 2e+04]
Presolve time: 0.00s
Presolved: 76 rows, 552 columns, 20099 nonzeros

Iteration    Objective       Primal Inf.    Dual Inf.      Time
       0    0.0000000e+00   9.075225e+05   0.000000e+00      0s

Solved in 274 iterations and 0.02 seconds
Infeasible model
Optimize a model with 76 rows, 552 columns and 20099 nonzeros
Coefficient statistics:
  Matrix range    [3e-09, 1e+00]
  Objective range [1e+00, 1e+00]
  Bounds range    [0e+00, 0e+00]
  RHS range       [4e+03, 2e+04]
Presolve time: 0.00s
Presolved: 76 rows, 552 columns, 20099 nonzeros

Iteration    Objective       Primal Inf.    Dual Inf.      Time
       0    0.0000000e+00   9.075225e+05   0.000000e+00      0s

Solved in 274 iterations and 0.02 seconds
Infeasible model
Optimize a model with 76 rows, 552 columns and 20099 nonzeros
Coefficient statistics:
  Matrix range    [3e-09, 1e+00]
  Objective range [1e+00, 1e+00]
  Bounds range    [0e+00, 0e+00]
  RHS range       [4e+03, 2e+04]
Presolve time: 0.00s
Presolved: 76 rows, 552 columns, 20099 nonzeros

Iteration    Objective       Primal Inf.    Dual Inf.      Time
       0   -5.5200000e+32   2.273859e+33   5.520000e+02      0s
Warning: Markowitz tolerance tightened to 0.03125

Solved in 142 iterations and 0.01 seconds
Infeasible model
Optimize a model with 76 rows, 552 columns and 20099 nonzeros
Coefficient statistics:
  Matrix range    [3e-09, 1e+00]
  Objective range [1e+00, 1e+00]
  Bounds range    [0e+00, 0e+00]
  RHS range       [4e+03, 2e+04]
Presolve time: 0.01s
Presolved: 76 rows, 552 columns, 20099 nonzeros

Iteration    Objective       Primal Inf.    Dual Inf.      Time
       0    0.0000000e+00   9.075225e+05   0.000000e+00      0s

Solved in 274 iterations and 0.03 seconds
Infeasible model
Optimize a model with 628 rows, 552 columns and 20651 nonzeros
Coefficient statistics:
  Matrix range    [3e-09, 1e+00]
  Objective range [1e+00, 1e+00]
  Bounds range    [0e+00, 0e+00]
  RHS range       [4e+03, 2e+04]
Presolve removed 552 rows and 0 columns
Presolve time: 0.01s
Presolved: 76 rows, 552 columns, 20099 nonzeros

Iteration    Objective       Primal Inf.    Dual Inf.      Time
       0    0.0000000e+00   9.075225e+05   0.000000e+00      0s

Solved in 17 iterations and 0.01 seconds
Infeasible model
Optimize a model with 628 rows, 552 columns and 20651 nonzeros
Coefficient statistics:
  Matrix range    [3e-09, 1e+00]
  Objective range [1e+00, 1e+00]
  Bounds range    [0e+00, 0e+00]
  RHS range       [4e+03, 2e+04]
Presolve removed 552 rows and 0 columns
Presolve time: 0.01s
Presolved: 76 rows, 552 columns, 20099 nonzeros

Iteration    Objective       Primal Inf.    Dual Inf.      Time
       0    0.0000000e+00   9.075225e+05   0.000000e+00      0s

Solved in 17 iterations and 0.01 seconds
Infeasible model
Optimize a model with 704 rows, 552 columns and 40750 nonzeros
Coefficient statistics:
  Matrix range    [3e-09, 1e+00]
  Objective range [1e+00, 1e+00]
  Bounds range    [0e+00, 0e+00]
  RHS range       [4e+03, 2e+04]

Concurrent LP optimizer: dual simplex and barrier
Showing barrier log only...

Presolve removed 628 rows and 0 columns
Presolve time: 0.01s
Presolved: 76 rows, 628 columns, 20175 nonzeros

Ordering time: 0.00s

Barrier statistics:
 AA' NZ     : 2.849e+03
 Factor NZ  : 2.926e+03
 Factor Ops : 1.492e+05 (less than 1 second per iteration)
 Threads    : 1

Barrier performed 0 iterations in 0.01 seconds
Barrier solve interrupted - model solved by another algorithm


Solved with dual simplex
Solved in 17 iterations and 0.01 seconds
Infeasible model
Optimize a model with 704 rows, 552 columns and 40750 nonzeros
Coefficient statistics:
  Matrix range    [3e-09, 1e+00]
  Objective range [1e+00, 1e+00]
  Bounds range    [0e+00, 0e+00]
  RHS range       [4e+03, 2e+04]

Concurrent LP optimizer: dual simplex and barrier
Showing barrier log only...

Presolve removed 628 rows and 0 columns
Presolve time: 0.01s
Presolved: 76 rows, 628 columns, 20175 nonzeros

Ordering time: 0.00s

Barrier statistics:
 AA' NZ     : 2.849e+03
 Factor NZ  : 2.926e+03
 Factor Ops : 1.492e+05 (less than 1 second per iteration)
 Threads    : 1

Barrier performed 0 iterations in 0.01 seconds
Barrier solve interrupted - model solved by another algorithm


Solved with dual simplex
Solved in 17 iterations and 0.02 seconds
Infeasible model
Optimize a model with 152 rows, 552 columns and 40198 nonzeros
Coefficient statistics:
  Matrix range    [3e-09, 1e+00]
  Objective range [1e+00, 1e+00]
  Bounds range    [0e+00, 0e+00]
  RHS range       [4e+03, 2e+04]

Concurrent LP optimizer: dual simplex and barrier
Showing barrier log only...

Presolve removed 76 rows and 0 columns
Presolve time: 0.01s
Presolved: 76 rows, 628 columns, 20175 nonzeros

Ordering time: 0.00s

Barrier statistics:
 AA' NZ     : 2.849e+03
 Factor NZ  : 2.926e+03
 Factor Ops : 1.492e+05 (less than 1 second per iteration)
 Threads    : 1

Barrier performed 0 iterations in 0.01 seconds
Barrier solve interrupted - model solved by another algorithm


Solved with dual simplex
Solved in 17 iterations and 0.01 seconds
Infeasible model
Optimize a model with 76 rows, 552 columns and 20099 nonzeros
Coefficient statistics:
  Matrix range    [3e-09, 1e+00]
  Objective range [1e+00, 1e+00]
  Bounds range    [0e+00, 0e+00]
  RHS range       [5e+03, 2e+04]
Presolve removed 76 rows and 552 columns
Presolve time: 0.00s
Presolve: All rows and columns removed
Iteration    Objective       Primal Inf.    Dual Inf.      Time
       0    0.0000000e+00   0.000000e+00   0.000000e+00      0s

Solved in 0 iterations and 0.00 seconds
Optimal objective  0.000000000e+00
Optimize a model with 152 rows, 552 columns and 40198 nonzeros
Coefficient statistics:
  Matrix range    [3e-09, 1e+00]
  Objective range [1e+00, 1e+00]
  Bounds range    [0e+00, 0e+00]
  RHS range       [4e+03, 2e+04]

Concurrent LP optimizer: dual simplex and barrier
Showing barrier log only...

Presolve removed 76 rows and 0 columns
Presolve time: 0.01s
Presolved: 76 rows, 628 columns, 20175 nonzeros

Ordering time: 0.00s

Barrier statistics:
 AA' NZ     : 2.849e+03
 Factor NZ  : 2.926e+03
 Factor Ops : 1.492e+05 (less than 1 second per iteration)
 Threads    : 1

Barrier performed 0 iterations in 0.01 seconds
Barrier solve interrupted - model solved by another algorithm


Solved with dual simplex
Solved in 17 iterations and 0.01 seconds
Infeasible model
Optimize a model with 152 rows, 552 columns and 40198 nonzeros
Coefficient statistics:
  Matrix range    [3e-09, 1e+00]
  Objective range [1e+00, 1e+00]
  Bounds range    [0e+00, 0e+00]
  RHS range       [3e+03, 2e+04]

Concurrent LP optimizer: dual simplex and barrier
Showing barrier log only...

Presolve removed 76 rows and 0 columns
Presolve time: 0.01s
Presolved: 76 rows, 628 columns, 20175 nonzeros

Ordering time: 0.00s

Barrier statistics:
 AA' NZ     : 2.849e+03
 Factor NZ  : 2.926e+03
 Factor Ops : 1.492e+05 (less than 1 second per iteration)
 Threads    : 1

Barrier performed 0 iterations in 0.01 seconds
Barrier solve interrupted - model solved by another algorithm


Solved with dual simplex
Solved in 26 iterations and 0.01 seconds
Infeasible model
Optimize a model with 152 rows, 552 columns and 40198 nonzeros
Coefficient statistics:
  Matrix range    [3e-09, 1e+00]
  Objective range [1e+00, 1e+00]
  Bounds range    [0e+00, 0e+00]
  RHS range       [2e+01, 3e+04]

Concurrent LP optimizer: dual simplex and barrier
Showing barrier log only...

Presolve removed 76 rows and 0 columns
Presolve time: 0.01s
Presolved: 76 rows, 589 columns, 20136 nonzeros

Ordering time: 0.00s

Barrier statistics:
 AA' NZ     : 2.849e+03
 Factor NZ  : 2.926e+03
 Factor Ops : 1.492e+05 (less than 1 second per iteration)
 Threads    : 1

Barrier performed 0 iterations in 0.01 seconds
Barrier solve interrupted - model solved by another algorithm


Solved with dual simplex
Solved in 30 iterations and 0.02 seconds
Optimal objective  7.913108785e+04
Optimize a model with 704 rows, 552 columns and 40750 nonzeros
Coefficient statistics:
  Matrix range    [3e-09, 1e+00]
  Objective range [1e+00, 1e+00]
  Bounds range    [0e+00, 0e+00]
  RHS range       [2e+01, 3e+04]

Concurrent LP optimizer: dual simplex and barrier
Showing barrier log only...

Presolve removed 628 rows and 0 columns
Presolve time: 0.01s
Presolved: 76 rows, 589 columns, 20136 nonzeros

Ordering time: 0.00s

Barrier statistics:
 AA' NZ     : 2.849e+03
 Factor NZ  : 2.926e+03
 Factor Ops : 1.492e+05 (less than 1 second per iteration)
 Threads    : 1

Barrier performed 0 iterations in 0.01 seconds
Barrier solve interrupted - model solved by another algorithm


Solved with dual simplex
Solved in 30 iterations and 0.01 seconds
Optimal objective  7.913108785e+04
Optimize a model with 628 rows, 552 columns and 20651 nonzeros
Coefficient statistics:
  Matrix range    [3e-09, 1e+00]
  Objective range [1e+00, 1e+00]
  Bounds range    [0e+00, 0e+00]
  RHS range       [4e+03, 2e+04]
Presolve removed 552 rows and 0 columns
Presolve time: 0.01s
Presolved: 76 rows, 552 columns, 20099 nonzeros

Iteration    Objective       Primal Inf.    Dual Inf.      Time
       0    0.0000000e+00   9.075225e+05   0.000000e+00      0s

Solved in 17 iterations and 0.01 seconds
Infeasible model

Gurobi 6.5.1 (linux64) logging started Sun May 29 01:12:48 2016


Gurobi 6.5.0 (linux64) logging started Tue May 31 15:23:07 2016


Gurobi 6.5.0 (linux64) logging started Tue May 31 16:12:57 2016


Gurobi 6.5.0 (linux64) logging started Tue May 31 16:36:21 2016


Gurobi 6.5.0 (linux64) logging started Tue May 31 16:39:06 2016


Gurobi 6.5.0 (linux64) logging started Tue May 31 16:40:24 2016


Gurobi 6.5.0 (linux64) logging started Tue May 31 16:50:47 2016


Gurobi 6.5.0 (linux64) logging started Tue May 31 17:05:29 2016


Gurobi 6.5.0 (linux64) logging started Tue May 31 17:18:30 2016


Gurobi 6.5.1 (linux64) logging started Tue May 31 19:41:03 2016


Gurobi 6.5.1 (linux64) logging started Tue May 31 19:42:09 2016


Gurobi 6.5.1 (linux64) logging started Tue May 31 19:42:26 2016


Gurobi 6.5.0 (linux64) logging started Wed Jun  1 12:46:05 2016


Gurobi 6.5.0 (linux64) logging started Wed Jun  1 16:14:03 2016


Gurobi 6.5.0 (linux64) logging started Wed Jun  1 16:17:25 2016


Gurobi 6.5.0 (linux64) logging started Wed Jun  1 16:57:25 2016


Gurobi 6.5.0 (linux64) logging started Wed Jun  1 16:58:24 2016


Gurobi 6.5.1 (linux64) logging started Wed Jun  1 20:18:25 2016


Gurobi 6.5.1 (linux64) logging started Wed Jun  1 20:39:50 2016

Optimize a model with 55276 rows, 41952 columns and 167808 nonzeros
Coefficient statistics:
  Matrix range    [1e+00, 1e+00]
  Objective range [0e+00, 0e+00]
  Bounds range    [0e+00, 0e+00]
  RHS range       [1e+02, 2e+04]

Concurrent LP optimizer: dual simplex and barrier
Showing barrier log only...

Presolve removed 41952 rows and 0 columns
Presolve time: 0.08s

Solved with barrier
Solved in 0 iterations and 0.09 seconds
Infeasible model
Optimize a model with 13248 rows, 41952 columns and 83904 nonzeros
Coefficient statistics:
  Matrix range    [1e+00, 1e+00]
  Objective range [0e+00, 0e+00]
  Bounds range    [0e+00, 0e+00]
  RHS range       [1e+02, 4e+03]

Concurrent LP optimizer: dual simplex and barrier
Showing barrier log only...

Presolve removed 552 rows and 0 columns
Presolve time: 0.03s
Presolved: 12696 rows, 41952 columns, 80592 nonzeros

Ordering time: 0.00s

Barrier statistics:
 AA' NZ     : 1.932e+04
 Factor NZ  : 1.137e+05 (roughly 23 MBytes of memory)
 Factor Ops : 1.305e+06 (less than 1 second per iteration)
 Threads    : 3

                  Objective                Residual
Iter       Primal          Dual         Primal    Dual     Compl     Time
   0   0.00000000e+00  0.00000000e+00  3.18e-12 0.00e+00  2.38e+02     0s
   1   0.00000000e+00 -2.27442066e-16  3.64e-12 1.75e-18  2.38e-04     0s
   2   0.00000000e+00 -1.03183785e-20  3.64e-12 7.18e-24  2.38e-10     0s
   3   0.00000000e+00  3.33860835e-12  3.64e-12 1.76e-17  2.38e-13     0s

Barrier solved model in 3 iterations and 0.08 seconds
Optimal objective 0.00000000e+00


Solved with dual simplex
Solved in 2882 iterations and 0.14 seconds
Optimal objective  0.000000000e+00
Optimize a model with 55352 rows, 41952 columns and 209760 nonzeros
Coefficient statistics:
  Matrix range    [1e+00, 1e+00]
  Objective range [0e+00, 0e+00]
  Bounds range    [0e+00, 0e+00]
  RHS range       [1e+02, 2e+04]

Concurrent LP optimizer: dual simplex and barrier
Showing barrier log only...

Presolve removed 42580 rows and 0 columns
Presolve time: 0.07s
Presolved: 12772 rows, 42028 columns, 122620 nonzeros

Ordering time: 0.00s

Barrier statistics:
 AA' NZ     : 9.991e+04
 Factor NZ  : 7.941e+05 (roughly 30 MBytes of memory)
 Factor Ops : 5.594e+07 (less than 1 second per iteration)
 Threads    : 3

                  Objective                Residual
Iter       Primal          Dual         Primal    Dual     Compl     Time
   0   0.00000000e+00 -1.52000000e+02  1.29e+06 0.00e+00  2.34e+02     0s
   1   0.00000000e+00 -6.87695040e+04  1.34e+05 6.94e-17  2.57e+01     0s
   2   0.00000000e+00 -3.06957314e+04  4.61e+04 1.39e-16  9.02e+00     0s
   3   0.00000000e+00 -1.06572827e+04  3.50e+04 1.61e-15  6.68e+00     0s
   4   0.00000000e+00  3.88972788e+04  3.22e+04 6.39e-14  6.17e+00     0s
   5   0.00000000e+00  3.84264640e+07  3.14e+04 2.11e-11  7.98e+00     0s
   6   0.00000000e+00  1.70584056e+12  3.13e+04 1.15e-06  5.61e+04     0s
   7   0.00000000e+00  2.41854521e+12  2.99e+04 2.63e-03  6.77e+04     0s
   8   0.00000000e+00  2.81441219e+12  2.99e+04 2.63e-03  5.50e+04     0s
   9   0.00000000e+00  8.86914678e+13  2.86e+04 1.45e-03  4.87e+05     0s
  10   0.00000000e+00  2.81831085e+17  2.86e+04 7.84e+02  3.16e+11     0s
  11   0.00000000e+00 -1.52000000e+06  1.29e+06 0.00e+00  2.34e+06     0s
  12   0.00000000e+00  2.78079141e+06  6.12e+04 1.11e+02  2.58e+04     0s
  13   0.00000000e+00  9.68404215e+05  3.93e+04 3.91e+01  1.30e+04     1s
  14   0.00000000e+00  1.23734874e+07  3.21e+04 6.37e-10  7.64e+04     1s
  15*  0.00000000e+00  1.72391460e+12  1.71e+02 3.58e-05  1.37e+04     1s
  16*  0.00000000e+00  1.15448392e+16  1.06e-02 2.35e-05  1.15e+01     1s
  17*  0.00000000e+00  8.46282587e+20  1.09e-08 2.68e-05  1.21e-05     1s
  18*  0.00000000e+00  8.27211226e+26  1.09e-14 2.41e-05  1.21e-11     1s
  19*  0.00000000e+00  8.27169496e+32  1.09e-20 2.36e-05  1.21e-17     1s
  20*  0.00000000e+00  1.75295881e+37  1.76e-26 8.38e-07  6.77e-25     1s

Barrier performed 20 iterations in 0.71 seconds
Infeasible model


Solved with barrier
Solved in 0 iterations and 0.72 seconds
Infeasible model
Optimize a model with 55352 rows, 41952 columns and 209760 nonzeros
Coefficient statistics:
  Matrix range    [1e+00, 1e+00]
  Objective range [0e+00, 0e+00]
  Bounds range    [0e+00, 0e+00]
  RHS range       [1e+02, 2e+04]

Concurrent LP optimizer: dual simplex and barrier
Showing barrier log only...

Presolve removed 42580 rows and 0 columns
Presolve time: 0.07s
Presolved: 12772 rows, 42028 columns, 122620 nonzeros

Ordering time: 0.00s

Barrier statistics:
 AA' NZ     : 9.991e+04
 Factor NZ  : 7.941e+05 (roughly 30 MBytes of memory)
 Factor Ops : 5.594e+07 (less than 1 second per iteration)
 Threads    : 3

                  Objective                Residual
Iter       Primal          Dual         Primal    Dual     Compl     Time
   0   0.00000000e+00 -1.52000000e+03  1.29e+06 0.00e+00  2.34e+02     0s
   1   0.00000000e+00 -7.03736893e+04  1.34e+05 8.33e-17  2.57e+01     0s
   2   0.00000000e+00 -2.83030061e+04  1.38e+04 9.71e-17  3.12e+00     0s
   3   0.00000000e+00 -1.18256050e+04  3.60e+03 1.11e-16  9.65e-01     0s
   4   0.00000000e+00 -5.88353604e+03  1.54e+03 1.11e-16  4.57e-01     0s
   5   0.00000000e+00 -2.74452425e+03  7.70e+02 1.18e-16  2.27e-01     0s
   6   0.00000000e+00 -1.21517064e+03  1.67e+02 1.11e-16  6.18e-02     0s
   7   0.00000000e+00 -4.20718073e+02  6.62e+00 1.11e-16  1.08e-02     0s
   8   0.00000000e+00 -3.76071089e+00  4.57e-07 1.11e-16  8.93e-05     0s
   9   0.00000000e+00 -3.76071087e-03  2.11e-06 1.36e-18  8.93e-08     0s
  10   0.00000000e+00 -3.78152412e-09  1.64e-07 1.78e-19  8.98e-14     0s

Barrier solved model in 10 iterations and 0.44 seconds
Optimal objective 0.00000000e+00

Crossover log...

       0 DPushes remaining with DInf 0.0000000e+00                 0s

   29267 PPushes remaining with PInf 0.0000000e+00                 0s
       0 PPushes remaining with PInf 0.0000000e+00                 1s

  Push phase complete: Pinf 0.0000000e+00, Dinf 0.0000000e+00      1s

Iteration    Objective       Primal Inf.    Dual Inf.      Time
   32284    0.0000000e+00   0.000000e+00   0.000000e+00      1s
   32284    0.0000000e+00   0.000000e+00   0.000000e+00      1s

Solved with barrier
Solved in 32284 iterations and 0.75 seconds
Optimal objective  0.000000000e+00

Gurobi 6.5.0 (linux64) logging started Mon Jun  6 13:03:16 2016


Gurobi 6.5.0 (linux64) logging started Sun Jun 19 21:21:47 2016


Gurobi 6.5.0 (linux64) logging started Mon Jun 20 10:25:15 2016


Gurobi 6.5.0 (linux64) logging started Mon Jun 20 12:53:28 2016

Optimize a model with 42400 rows, 13325 columns and 3309697 nonzeros
Model has 2926 quadratic objective terms
Coefficient statistics:
  Matrix range    [9e-04, 1e+06]
  Objective range [1e+04, 1e+04]
  Bounds range    [0e+00, 0e+00]
  RHS range       [1e+00, 1e+00]
Presolve removed 2 rows and 76 columns
Presolve time: 0.45s

Barrier solved model in 0 iterations and 0.45 seconds
Model is infeasible or unbounded
Optimize a model with 42400 rows, 13325 columns and 3309697 nonzeros
Model has 2926 quadratic objective terms
Coefficient statistics:
  Matrix range    [9e-04, 1e+06]
  Objective range [1e+00, 1e+00]
  Bounds range    [0e+00, 0e+00]
  RHS range       [1e+00, 1e+00]
Presolve removed 2 rows and 76 columns
Presolve time: 0.33s

Barrier solved model in 0 iterations and 0.34 seconds
Model is infeasible or unbounded

Gurobi 6.5.0 (linux64) logging started Mon Jun 20 16:30:43 2016

Optimize a model with 42031 rows, 13325 columns and 3280147 nonzeros
Model has 2926 quadratic objective terms
Coefficient statistics:
  Matrix range    [4e-04, 4e+04]
  Objective range [1e+00, 1e+00]
  Bounds range    [0e+00, 0e+00]
  RHS range       [1e+00, 1e+00]
Presolve removed 76 rows and 0 columns
Presolve time: 1.58s
Presolved: 41955 rows, 13325 columns, 3274598 nonzeros
Presolved model has 2926 quadratic objective terms
Ordering time: 0.04s

Barrier statistics:
 Dense cols : 76
 Free vars  : 4
 AA' NZ     : 3.419e+06
 Factor NZ  : 4.284e+06 (roughly 60 MBytes of memory)
 Factor Ops : 4.430e+08 (less than 1 second per iteration)
 Threads    : 12

                  Objective                Residual
Iter       Primal          Dual         Primal    Dual     Compl     Time
   0   6.55360009e+07 -9.14736443e-01  4.98e+04 1.00e+00  1.00e+06     3s
   1   2.00368325e+08 -1.60945679e+08  2.96e+04 1.33e+02  6.43e+05     3s
   2   4.58928001e+08 -4.35734221e+08  1.76e+04 1.07e+02  4.15e+05     3s
   3   6.12583958e+08 -5.96657156e+08  1.25e+04 7.79e+01  3.12e+05     3s
   4   7.17456625e+08 -7.05003470e+08  9.91e+03 6.86e+01  2.63e+05     3s
   5   7.47789113e+08 -7.39053335e+08  7.02e+03 8.15e+01  1.90e+05     4s
   6   7.87357581e+08 -7.79549838e+08  6.30e+03 5.22e+01  1.77e+05     4s
   7   7.66942972e+08 -7.60810906e+08  5.01e+03 4.46e+01  1.42e+05     4s
   8   7.48203892e+08 -7.42607471e+08  4.63e+03 8.69e+01  1.32e+05     4s
   9   7.44037760e+08 -7.38562174e+08  4.54e+03 8.93e+01  1.29e+05     4s
  10   7.72164320e+08 -7.67566745e+08  3.86e+03 3.69e+01  1.16e+05     4s
  11   7.50961917e+08 -7.46718861e+08  3.58e+03 6.95e+01  1.08e+05     5s
  12   7.30764569e+08 -7.26909573e+08  3.33e+03 3.30e+01  1.01e+05     5s
  13   7.08617652e+08 -7.05060691e+08  3.10e+03 4.99e+01  9.37e+04     5s
  14   6.92611637e+08 -6.89285766e+08  2.94e+03 3.52e+01  8.88e+04     5s
  15   6.59921594e+08 -6.57073326e+08  2.63e+03 2.74e+01  7.99e+04     5s
  16   6.28461193e+08 -6.25927723e+08  2.40e+03 4.67e+01  7.31e+04     5s
  17   6.20016097e+08 -6.17560436e+08  2.34e+03 4.65e+01  7.12e+04     6s
  18   6.10747730e+08 -6.08372828e+08  2.27e+03 4.52e+01  6.92e+04     6s
  19   6.09001020e+08 -6.06640748e+08  2.26e+03 4.49e+01  6.88e+04     6s
  20   5.98037193e+08 -5.95763308e+08  2.19e+03 4.34e+01  6.67e+04     6s
  21   5.85443553e+08 -5.83256804e+08  2.12e+03 4.21e+01  6.41e+04     6s
  22   5.17074379e+08 -5.15569462e+08  1.61e+03 3.12e+01  4.95e+04     6s
  23   4.98855728e+08 -4.97459784e+08  1.52e+03 2.87e+01  4.67e+04     6s
  24   4.87267004e+08 -4.85951422e+08  1.46e+03 2.00e+01  4.50e+04     7s
  25   4.84302574e+08 -4.83003238e+08  1.45e+03 1.69e+01  4.46e+04     7s
  26   4.76526029e+08 -4.75271113e+08  1.41e+03 1.65e+01  4.35e+04     7s
  27   4.60301273e+08 -4.59128227e+08  1.35e+03 1.59e+01  4.13e+04     7s
  28   4.26210910e+08 -4.25159631e+08  1.27e+03 1.51e+01  3.88e+04     7s
  29   2.89518338e+08 -2.88743903e+08  1.15e+03 1.45e+01  3.67e+04     7s
  30   3.05385939e+07 -3.09862877e+07  4.56e+02 9.14e+00  1.68e+04     8s
  31   8.06075967e+06 -8.90610676e+06  2.15e+02 4.30e+00  8.40e+03     8s
  32   1.50890982e+06 -2.63257977e+06  8.40e+01 1.57e+00  3.62e+03     8s
  33   9.20662508e+03 -1.18306093e+06  4.03e+00 7.22e-02  1.94e+02     8s
  34   4.85521311e+01 -7.03038872e+05  6.06e-03 1.16e-04  1.29e+01     8s
  35   4.85085387e+01 -6.61287770e+05  5.70e-03 1.09e-04  1.22e+01     8s
  36   4.61004847e+01 -5.17217007e+05  4.46e-03 8.53e-05  9.48e+00     9s
  37   4.09618713e+01 -2.74082017e+05  2.36e-03 4.52e-05  5.01e+00     9s
  38   3.47243680e+01 -1.95598397e+04  1.71e-04 3.23e-06  3.56e-01     9s
  39   3.40999317e+01 -9.33515899e+01  2.42e-04 4.38e-07  2.32e-03     9s
  40   3.09289567e+01 -7.01217314e+01  3.97e+00 1.88e-05  1.84e-03     9s
  41   3.08326462e+01 -6.93813487e+01  3.57e+00 1.78e-05  1.82e-03    10s
  42   3.07868136e+01 -6.89477445e+01  3.78e+00 1.79e-05  1.82e-03    10s
  43   3.07444255e+01 -6.84959272e+01  4.93e+00 1.80e-05  1.81e-03    10s
  44   3.07220705e+01 -6.82298257e+01  5.02e+00 1.80e-05  1.80e-03    10s
  45   3.07020035e+01 -6.79763431e+01  5.99e+00 1.79e-05  1.80e-03    10s
  46   3.06907027e+01 -6.78266074e+01  6.16e+00 1.79e-05  1.79e-03    11s
  47   3.06796322e+01 -6.76756236e+01  6.09e+00 1.79e-05  1.79e-03    11s
  48   3.06486567e+01 -6.72423774e+01  5.91e+00 1.79e-05  1.78e-03    11s
  49   1.35472249e+01 -1.79848419e+01  5.55e+02 4.68e-05  6.01e-04    12s
  50   6.07045285e+00 -7.35136936e+00  9.92e+01 1.27e-05  2.79e-04    12s
  51   2.43025532e+00 -1.64506824e+00  2.81e+01 4.63e-06  8.97e-05    12s
  52   1.84718796e+00 -7.98528669e-01  5.50e+01 2.17e-05  5.83e-05    12s
  53   1.08549305e+00  4.46626557e-01  4.55e+00 1.44e-09  1.49e-05    13s
  54   9.26153803e-01  8.52032956e-01  2.67e-02 2.06e-05  1.43e-06    13s
  55   9.15216322e-01  9.10617019e-01  8.48e-04 3.11e-08  8.69e-08    13s
  56   9.14868136e-01  9.14766281e-01  6.90e-05 4.44e-09  1.85e-09    13s
  57   9.14839123e-01  9.14829266e-01  2.03e-09 1.45e-09  1.81e-10    13s
  58   9.14835099e-01  9.14833678e-01  1.54e-09 3.22e-10  2.63e-11    13s
  59   9.14834533e-01  9.14834328e-01  1.71e-09 3.68e-10  3.82e-12    13s
  60   9.14834453e-01  9.14834421e-01  1.06e-10 8.31e-11  6.14e-13    14s
  61   9.14834443e-01  9.14834437e-01  1.02e-10 1.76e-11  1.07e-13    14s

Barrier solved model in 61 iterations and 13.70 seconds
Optimal objective 9.14834443e-01


Gurobi 6.5.0 (linux64) logging started Mon Jun 20 16:34:50 2016

Optimize a model with 42031 rows, 13325 columns and 3280147 nonzeros
Model has 2926 quadratic objective terms
Coefficient statistics:
  Matrix range    [7e-04, 2e+05]
  Objective range [1e+04, 1e+04]
  Bounds range    [0e+00, 0e+00]
  RHS range       [1e+00, 1e+00]
Warning: diagonal adjustment of 7.1e-10 performed to make Q PSD
Presolve removed 76 rows and 0 columns
Presolve time: 1.31s
Presolved: 41955 rows, 13325 columns, 3274598 nonzeros
Presolved model has 2926 quadratic objective terms
Ordering time: 0.04s

Barrier statistics:
 Dense cols : 76
 Free vars  : 6
 AA' NZ     : 3.420e+06
 Factor NZ  : 4.284e+06 (roughly 60 MBytes of memory)
 Factor Ops : 4.430e+08 (less than 1 second per iteration)
 Threads    : 12

                  Objective                Residual
Iter       Primal          Dual         Primal    Dual     Compl     Time
   0   2.62144000e+12 -8.87730854e-01  5.27e+04 1.00e+00  6.18e+07     2s
   1   1.81341176e+12 -1.74458094e+09  3.64e+04 3.52e+03  4.56e+07     3s
   2   1.05135923e+12 -4.58242930e+09  2.10e+04 2.67e+03  2.68e+07     3s
   3   7.89459007e+11 -5.79429839e+09  1.57e+04 2.09e+03  2.01e+07     3s
   4   5.64963447e+11 -7.04280618e+09  1.12e+04 2.21e+03  1.44e+07     3s
   5   4.55661263e+11 -7.70944557e+09  9.00e+03 2.41e+03  1.16e+07     3s
   6   4.41207426e+11 -7.76622657e+09  8.71e+03 2.30e+03  1.13e+07     3s
   7   4.32069193e+11 -7.80090229e+09  8.52e+03 2.21e+03  1.10e+07     4s
   8   4.11784623e+11 -7.87648324e+09  8.12e+03 2.03e+03  1.05e+07     4s
   9   3.81073985e+11 -7.98187885e+09  7.50e+03 1.85e+03  9.72e+06     4s
  10   3.49062984e+11 -8.07839819e+09  6.85e+03 1.80e+03  8.89e+06     4s
  11   3.43838019e+11 -8.08681604e+09  6.75e+03 1.76e+03  8.75e+06     4s
  12   3.32774700e+11 -8.10098572e+09  6.52e+03 1.57e+03  8.47e+06     4s
  13   3.23811549e+11 -8.11098435e+09  6.34e+03 1.44e+03  8.23e+06     4s
  14   3.13622608e+11 -8.12072883e+09  6.14e+03 1.26e+03  7.97e+06     5s
  15   2.95209775e+11 -8.12323578e+09  5.77e+03 7.73e+02  7.49e+06     5s
  16   2.71774467e+11 -8.11064249e+09  5.30e+03 7.04e+02  6.89e+06     5s
  17   2.56346596e+11 -8.06704581e+09  4.99e+03 1.27e+03  6.49e+06     5s
  18   2.48305534e+11 -8.05130008e+09  4.83e+03 1.28e+03  6.28e+06     5s
  19   2.27477824e+11 -7.99129695e+09  4.41e+03 1.20e+03  5.75e+06     5s
  20   2.23920784e+11 -7.97102987e+09  4.34e+03 1.18e+03  5.65e+06     6s
  21   2.16685618e+11 -7.93699439e+09  4.19e+03 1.14e+03  5.47e+06     6s
  22   2.12736397e+11 -7.91861793e+09  4.12e+03 1.11e+03  5.37e+06     6s
  23   2.10543925e+11 -7.90759146e+09  4.07e+03 1.09e+03  5.31e+06     6s
  24   2.09089706e+11 -7.89979302e+09  4.04e+03 1.09e+03  5.27e+06     6s
  25   2.07882845e+11 -7.89263384e+09  4.02e+03 1.08e+03  5.24e+06     6s
  26   2.05869989e+11 -7.85980324e+09  3.98e+03 1.07e+03  5.19e+06     6s
  27   2.00369839e+11 -7.83776564e+09  3.87e+03 9.39e+02  5.05e+06     7s
  28   1.96855480e+11 -7.81123283e+09  3.80e+03 8.55e+02  4.96e+06     7s
  29   1.94779153e+11 -7.79399598e+09  3.76e+03 7.08e+02  4.90e+06     7s
  30   1.92862900e+11 -7.77555193e+09  3.72e+03 4.69e+02  4.85e+06     7s
  31   1.90751956e+11 -7.75042897e+09  3.68e+03 4.63e+02  4.80e+06     7s
  32   1.88466372e+11 -7.71366010e+09  3.63e+03 4.56e+02  4.74e+06     7s
  33   1.85682637e+11 -7.65560139e+09  3.58e+03 4.46e+02  4.67e+06     7s
  34   1.55556737e+11 -7.42643578e+09  2.98e+03 3.57e+02  3.90e+06     8s
  35   1.23190251e+11 -7.08854561e+09  2.33e+03 2.87e+02  3.08e+06     8s
  36   1.21088352e+11 -7.02985834e+09  2.29e+03 2.83e+02  3.02e+06     8s
  37   1.19414450e+11 -6.97274820e+09  2.26e+03 2.80e+02  2.98e+06     8s
  38   1.17616123e+11 -6.89816499e+09  2.22e+03 2.76e+02  2.94e+06     8s
  39   1.15626284e+11 -6.79531935e+09  2.19e+03 2.72e+02  2.89e+06     8s
  40   1.05426517e+11 -5.63364285e+09  2.01e+03 2.56e+02  2.65e+06     9s
  41   8.34452567e+10 -3.68794191e+09  1.60e+03 2.33e+02  2.24e+06     9s
  42   2.44158691e+10 -3.39391272e+08  4.83e+02 1.27e+02  7.53e+05     9s
  43   1.23734010e+10 -1.02231371e+08  2.46e+02 6.69e+01  3.91e+05     9s
  44   4.68591309e+09 -3.39326073e+07  9.37e+01 2.35e+01  1.64e+05     9s
  45   7.06914525e+08 -2.09371111e+07  1.42e+01 3.22e+00  2.58e+04     9s
  46   9.57943689e+06 -1.61546454e+07  1.92e-01 4.95e-02  6.25e+02     9s
  47   3.81430753e+04 -1.15317846e+06  5.70e-04 1.37e-04  2.17e+01    10s
  48   1.93679777e+04 -5.82923917e+05  1.76e-03 6.91e-05  1.10e+01    10s
  49   2.19074209e+02 -1.35229496e+03  2.10e-03 4.77e-07  2.85e-02    10s
  50   1.83712664e+02 -3.07026827e+02  2.54e+00 4.77e-07  8.92e-03    10s
  51   1.83709658e+02 -3.06978634e+02  2.71e+00 4.77e-07  8.92e-03    10s
  52   1.83705482e+02 -3.06912101e+02  2.78e+00 4.77e-07  8.92e-03    11s
  53   1.83696044e+02 -3.06761840e+02  3.06e+00 4.77e-07  8.92e-03    11s
  54   1.83674555e+02 -3.06420309e+02  3.93e+00 4.77e-07  8.91e-03    11s
  55   1.83624544e+02 -3.05628275e+02  4.43e+00 4.77e-07  8.90e-03    11s
  56   1.83500080e+02 -3.03673236e+02  4.36e+00 4.77e-07  8.86e-03    11s
  57   1.82885857e+02 -2.94174020e+02  4.76e+00 4.77e-07  8.68e-03    12s
  58   1.35634373e+02 -1.92746484e+02  2.72e+00 2.27e-06  6.15e-03    12s
  59   6.91408329e+01 -8.06950145e+01  1.06e+01 1.05e-05  2.91e-03    13s
  60   5.17441995e+01 -6.21745518e+01  7.87e+00 6.99e-06  2.23e-03    13s
  61   1.88667673e+01 -2.05668497e+01  9.02e-01 9.60e-07  8.11e-04    13s
  62   1.65216672e+01 -1.79347267e+01  7.84e-01 9.54e-07  7.09e-04    13s
  63   5.54257144e+00 -5.36995554e+00  2.47e-02 5.52e-09  2.38e-04    14s
  64   4.08296432e+00 -4.10169066e+00  1.08e-02 4.52e-08  1.82e-04    14s
  65   1.37131818e+00  3.51563152e-02  1.67e-04 1.87e-08  2.72e-05    14s
  66   1.19450786e+00  2.95513262e-01  1.26e-04 1.43e-08  1.85e-05    14s
  67   9.20695563e-01  7.83957398e-01  2.16e-04 4.39e-08  2.74e-06    14s
  68   8.89886377e-01  8.73146267e-01  2.53e-06 9.54e-07  3.37e-07    15s
  69   8.88118185e-01  8.87331321e-01  1.47e-07 6.23e-08  1.48e-08    15s
  70   8.88091530e-01  8.88083999e-01  2.83e-08 7.40e-09  1.37e-10    15s
  71   8.88089680e-01  8.88088995e-01  3.08e-08 3.32e-09  1.27e-11    15s
  72   8.88089418e-01  8.88089296e-01  4.02e-09 4.77e-07  2.43e-12    15s
  73   8.88089386e-01  8.88089353e-01  2.22e-08 4.77e-07  6.58e-13    15s
  74   8.88089382e-01  8.88089360e-01  1.34e-08 4.77e-07  4.48e-13    16s
  75   8.88089380e-01  8.88089364e-01  8.24e-09 4.77e-07  3.16e-13    16s

Barrier solved model in 75 iterations and 15.76 seconds
Optimal objective 8.88089380e-01

